95.0899438705797
30
30
Sunset at 18:42
Cloud cover: 0%
Humidity: 33%
Visibility: 58800.0m
VPD: 2.23 kPa
PM2.5: 11.3 µg/m³
PM10: 11.8 µg/m³
AOD: 0.08
Sunset Quality Score: 30/100
 Rating: Fair
95.0899438705797
30
30
Sunset at 18:42
Cloud cover: 0%
Humidity: 35%
Visibility: 55400.0m
VPD: 2.19 kPa
PM2.5: 11.2 µg/m³
PM10: 11.7 µg/m³
AOD: 0.08
Sunset Quality Score: 30/100
 Rating: Fair
95.0899438705797
30
30
Sunset at 18:41
Cloud cover: 0%
Humidity: 43%
Visibility: 44600.0m
VPD: 1.78 kPa
PM2.5: 11.9 µg/m³
PM10: 13.7 µg/m³
AOD: 0.1
Sunset Quality Score: 30/100
 Rating: Fair
95.0899438705797
30
30
Sunset at 18:41
Cloud cover: 0%
Humidity: 45%
Visibility: 39500.0m
VPD: 1.69 kPa
PM2.5: 11.9 µg/m³
PM10: 13.7 µg/m³
AOD: 0.1
Sunset Quality Score: 30/100
 Rating: Fair
